构造测试环境：
create table t1 as select * from dba_objects;
create unique index ind_t1 on t1(object_id);
set line 200 pages 999
set autot trace exp



SQL> select * from t1 where object_id=20

Execution Plan
----------------------------------------------------------
Plan hash value: 3210474235

--------------------------------------------------------------------------------------
| Id  | Operation                   | Name   | Rows  | Bytes | Cost (%CPU)| Time     |
--------------------------------------------------------------------------------------
|   0 | SELECT STATEMENT            |        |     1 |   207 |     2   (0)| 00:00:01 |
|   1 |  TABLE ACCESS BY INDEX ROWID| T1     |     1 |   207 |     2   (0)| 00:00:01 |
|*  2 |   INDEX UNIQUE SCAN         | IND_T1 |     1 |       |     1   (0)| 00:00:01 |
--------------------------------------------------------------------------------------

 
## 全表扫描
SQL> select /*+ full(t1) */ * from t1 where object_id=20;

Execution Plan
----------------------------------------------------------
Plan hash value: 3617692013

--------------------------------------------------------------------------
| Id  | Operation         | Name | Rows  | Bytes | Cost (%CPU)| Time     |
--------------------------------------------------------------------------
|   0 | SELECT STATEMENT  |      |   159 | 32913 |    45   (3)| 00:00:01 |
|*  1 |  TABLE ACCESS FULL| T1   |   159 | 32913 |    45   (3)| 00:00:01 |
--------------------------------------------------------------------------


